{
  "stats": {
    "suites": 9,
    "tests": 20,
    "passes": 20,
    "pending": 0,
    "failures": 0,
    "start": "2019-05-13T04:53:13.706Z",
    "end": "2019-05-13T04:53:14.318Z",
    "duration": 612,
    "testsRegistered": 20,
    "passPercent": 100,
    "pendingPercent": 0,
    "other": 0,
    "hasOther": false,
    "skipped": 0,
    "hasSkipped": false,
    "passPercentClass": "success",
    "pendingPercentClass": "danger"
  },
  "suites": {
    "uuid": "fc563f41-1ba9-4ec8-998f-8e92571eee5f",
    "title": "",
    "fullFile": "",
    "file": "",
    "beforeHooks": [],
    "afterHooks": [],
    "tests": [],
    "suites": [
      {
        "uuid": "9df58a15-c4b1-4e82-9162-1ad9a2c9e361",
        "title": "> controllers",
        "fullFile": "/home/travis/build/ccxt-rest/ccxt-rest/test/api/controllers/exchange.js",
        "file": "/test/api/controllers/exchange.js",
        "beforeHooks": [
          {
            "title": "\"before all\" hook",
            "fullTitle": "> controllers \"before all\" hook",
            "timedOut": false,
            "duration": 353,
            "pass": false,
            "fail": false,
            "pending": false,
            "code": "if (fs.existsSync('./out/database.sqlite3')) {\n  fs.unlinkSync('./out/database.sqlite3')\n}\nreturn new Promise((resolve) => {\n  ccxtServer.start(_server => {\n    server = _server\n    resolve();\n  })  \n})",
            "err": {},
            "isRoot": false,
            "uuid": "7894c433-721b-44d3-9080-4fabdd4abf7c",
            "isHook": true,
            "skipped": false
          }
        ],
        "afterHooks": [
          {
            "title": "\"after all\" hook",
            "fullTitle": "> controllers \"after all\" hook",
            "timedOut": false,
            "duration": 1,
            "pass": false,
            "fail": false,
            "pending": false,
            "code": "if (server) {\n  server.close()\n}\nif (fs.existsSync('./out/database.sqlite3')) {\n  fs.unlinkSync('./out/database.sqlite3')\n}",
            "err": {},
            "isRoot": false,
            "uuid": "e385c505-6d3a-4cbe-b740-65688ad401d3",
            "isHook": true,
            "skipped": false
          }
        ],
        "tests": [],
        "suites": [
          {
            "uuid": "485110e9-52cd-477e-8eb2-e8c545389988",
            "title": "> exchanges",
            "fullFile": "/home/travis/build/ccxt-rest/ccxt-rest/test/api/controllers/exchange.js",
            "file": "/test/api/controllers/exchange.js",
            "beforeHooks": [],
            "afterHooks": [],
            "tests": [],
            "suites": [
              {
                "uuid": "58871466-5536-4b1d-9a50-65475e043549",
                "title": "> GET /exchanges",
                "fullFile": "/home/travis/build/ccxt-rest/ccxt-rest/test/api/controllers/exchange.js",
                "file": "/test/api/controllers/exchange.js",
                "beforeHooks": [],
                "afterHooks": [],
                "tests": [
                  {
                    "title": "> should return list of exchanges",
                    "fullTitle": "> controllers > exchanges > GET /exchanges > should return list of exchanges",
                    "timedOut": false,
                    "duration": 38,
                    "state": "passed",
                    "speed": "medium",
                    "pass": true,
                    "fail": false,
                    "pending": false,
                    "code": "request(server)\n          .get('/exchanges')\n          .expect('Content-Type', /json/)\n          .expect(200)\n          .end(function(err, res) {\n            should.not.exist(err);\n            res.body.should.eql(exchangeConfig.exchanges.map(i => '' + i));\n            done();\n          });",
                    "err": {},
                    "isRoot": false,
                    "uuid": "d17a0909-5087-492e-9e46-4cb2882830f5",
                    "isHook": false,
                    "skipped": false
                  }
                ],
                "suites": [],
                "passes": [
                  "d17a0909-5087-492e-9e46-4cb2882830f5"
                ],
                "failures": [],
                "pending": [],
                "skipped": [],
                "duration": 38,
                "root": false,
                "rootEmpty": false,
                "_timeout": 2000
              }
            ],
            "passes": [],
            "failures": [],
            "pending": [],
            "skipped": [],
            "duration": 0,
            "root": false,
            "rootEmpty": false,
            "_timeout": 2000
          },
          {
            "uuid": "647ad228-3d17-49b2-a7c7-9549bbef2470",
            "title": "> exchange",
            "fullFile": "/home/travis/build/ccxt-rest/ccxt-rest/test/api/controllers/exchange.js",
            "file": "/test/api/controllers/exchange.js",
            "beforeHooks": [],
            "afterHooks": [],
            "tests": [],
            "suites": [
              {
                "uuid": "5dbe1ec9-f8eb-4ba6-a200-ca07487bc06e",
                "title": "> Given unsupported exchange name",
                "fullFile": "/home/travis/build/ccxt-rest/ccxt-rest/test/api/controllers/exchange.js",
                "file": "/test/api/controllers/exchange.js",
                "beforeHooks": [],
                "afterHooks": [],
                "tests": [],
                "suites": [
                  {
                    "uuid": "d1502cbe-a613-4a1e-b690-d17680bd219e",
                    "title": "> [Unsupported Exchange name] Exchange Management API",
                    "fullFile": "/home/travis/build/ccxt-rest/ccxt-rest/test/api/controllers/exchange.js",
                    "file": "/test/api/controllers/exchange.js",
                    "beforeHooks": [],
                    "afterHooks": [],
                    "tests": [
                      {
                        "title": "> GET:/exchange/nonExistentExchangeName then return 404",
                        "fullTitle": "> controllers > exchange > Given unsupported exchange name > [Unsupported Exchange name] Exchange Management API > GET:/exchange/nonExistentExchangeName then return 404",
                        "timedOut": false,
                        "duration": 13,
                        "state": "passed",
                        "speed": "fast",
                        "pass": true,
                        "fail": false,
                        "pending": false,
                        "code": "request(server)\n  .get('/exchange/nonExistentExchangeName')\n  .expect(404)\n  .end((err, res) => {\n    should.not.exist(err);\n    done();\n  })",
                        "err": {},
                        "isRoot": false,
                        "uuid": "a5a94da2-71bf-4c83-bb5d-c8a425473bf6",
                        "isHook": false,
                        "skipped": false
                      },
                      {
                        "title": "> POST:/exchange/nonExistentExchangeName then return 404",
                        "fullTitle": "> controllers > exchange > Given unsupported exchange name > [Unsupported Exchange name] Exchange Management API > POST:/exchange/nonExistentExchangeName then return 404",
                        "timedOut": false,
                        "duration": 25,
                        "state": "passed",
                        "speed": "fast",
                        "pass": true,
                        "fail": false,
                        "pending": false,
                        "code": "request(server)\n  .post('/exchange/nonExistentExchangeName')\n  .send({id:'nonExistentExchangeName1'})\n  .set('Accept', 'application/json')\n  .expect(404)\n  .end((err, res) => {\n    should.not.exist(err);\n    done();\n  })",
                        "err": {},
                        "isRoot": false,
                        "uuid": "4166e0af-1f0f-4a09-be30-d00142de2228",
                        "isHook": false,
                        "skipped": false
                      }
                    ],
                    "suites": [],
                    "passes": [
                      "a5a94da2-71bf-4c83-bb5d-c8a425473bf6",
                      "4166e0af-1f0f-4a09-be30-d00142de2228"
                    ],
                    "failures": [],
                    "pending": [],
                    "skipped": [],
                    "duration": 38,
                    "root": false,
                    "rootEmpty": false,
                    "_timeout": 2000
                  },
                  {
                    "uuid": "246d9211-d09f-4b0a-8a35-95e498cdb296",
                    "title": "> [Unsupported Exchange Name] Public Data API",
                    "fullFile": "/home/travis/build/ccxt-rest/ccxt-rest/test/api/controllers/exchange.js",
                    "file": "/test/api/controllers/exchange.js",
                    "beforeHooks": [],
                    "afterHooks": [],
                    "tests": [
                      {
                        "title": "> GET:/exchange/nonExistentExchangeName/markets then return 404",
                        "fullTitle": "> controllers > exchange > Given unsupported exchange name > [Unsupported Exchange Name] Public Data API > GET:/exchange/nonExistentExchangeName/markets then return 404",
                        "timedOut": false,
                        "duration": 7,
                        "state": "passed",
                        "speed": "fast",
                        "pass": true,
                        "fail": false,
                        "pending": false,
                        "code": "request(server)\n              .get('/exchange/nonExistentExchangeName/markets')\n              .expect('Content-Type', /json/)\n              .expect(404)\n              .end((err, res) => {\n                should.not.exist(err);\n                done();\n              })",
                        "err": {},
                        "isRoot": false,
                        "uuid": "d7a27606-04db-481e-9cf7-37460a5fde94",
                        "isHook": false,
                        "skipped": false
                      },
                      {
                        "title": "> GET:/exchange/nonExistentExchangeName/orderBook then return 404",
                        "fullTitle": "> controllers > exchange > Given unsupported exchange name > [Unsupported Exchange Name] Public Data API > GET:/exchange/nonExistentExchangeName/orderBook then return 404",
                        "timedOut": false,
                        "duration": 10,
                        "state": "passed",
                        "speed": "fast",
                        "pass": true,
                        "fail": false,
                        "pending": false,
                        "code": "this.timeout(TIMEOUT_MS);\nrequest(server)\n    .get('/exchange/nonExistentExchangeName/orderBook')\n    .query({ symbol: 'BTC/ETH' })\n    .set('Accept', 'application/json')\n    .expect('Content-Type', /json/)\n    .expect(404)\n    .end((err, res) => {\n      should.not.exist(err);\n      done();\n    })",
                        "err": {},
                        "isRoot": false,
                        "uuid": "24a79f11-c494-413d-b741-6ab5cc59c44a",
                        "isHook": false,
                        "skipped": false
                      },
                      {
                        "title": "> GET:/exchange/nonExistentExchangeName/l2OrderBook then return 404",
                        "fullTitle": "> controllers > exchange > Given unsupported exchange name > [Unsupported Exchange Name] Public Data API > GET:/exchange/nonExistentExchangeName/l2OrderBook then return 404",
                        "timedOut": false,
                        "duration": 10,
                        "state": "passed",
                        "speed": "fast",
                        "pass": true,
                        "fail": false,
                        "pending": false,
                        "code": "this.timeout(TIMEOUT_MS);\nrequest(server)\n    .get('/exchange/nonExistentExchangeName/l2OrderBook')\n    .query({ symbol: 'BTC/ETH' })\n    .expect('Content-Type', /json/)\n    .expect(404)\n    .end((err, res) => {\n      should.not.exist(err);\n      done();\n    })",
                        "err": {},
                        "isRoot": false,
                        "uuid": "e8aa2129-f3ec-4c8b-913f-8f71e4622919",
                        "isHook": false,
                        "skipped": false
                      },
                      {
                        "title": "> GET:/exchange/nonExistentExchangeName/trades then return 404",
                        "fullTitle": "> controllers > exchange > Given unsupported exchange name > [Unsupported Exchange Name] Public Data API > GET:/exchange/nonExistentExchangeName/trades then return 404",
                        "timedOut": false,
                        "duration": 7,
                        "state": "passed",
                        "speed": "fast",
                        "pass": true,
                        "fail": false,
                        "pending": false,
                        "code": "this.timeout(TIMEOUT_MS)\nrequest(server)\n    .get('/exchange/nonExistentExchangeName/trades')\n    .query({ symbol: 'BTC/ETH' })\n    .expect('Content-Type', /json/)\n    .expect(404)\n    .end((err, res) => {\n      should.not.exist(err);\n      done();\n    })",
                        "err": {},
                        "isRoot": false,
                        "uuid": "3a0380ad-2f1a-4281-bdf4-51d0d2c0c93a",
                        "isHook": false,
                        "skipped": false
                      },
                      {
                        "title": "> GET:/exchange/nonExistentExchangeName/ticker then return 404",
                        "fullTitle": "> controllers > exchange > Given unsupported exchange name > [Unsupported Exchange Name] Public Data API > GET:/exchange/nonExistentExchangeName/ticker then return 404",
                        "timedOut": false,
                        "duration": 6,
                        "state": "passed",
                        "speed": "fast",
                        "pass": true,
                        "fail": false,
                        "pending": false,
                        "code": "this.timeout(TIMEOUT_MS)\nrequest(server)\n    .get('/exchange/nonExistentExchangeName/ticker')\n    .query({ symbol: 'BTC/ETH' })\n    .expect('Content-Type', /json/)\n    .expect(404)\n    .end((err, res) => {\n      should.not.exist(err);\n      done();\n    })",
                        "err": {},
                        "isRoot": false,
                        "uuid": "b690cfa6-d52f-4fca-b5fd-8881df2072ee",
                        "isHook": false,
                        "skipped": false
                      },
                      {
                        "title": "> GET:/exchange/nonExistentExchangeName/tickers then return 404",
                        "fullTitle": "> controllers > exchange > Given unsupported exchange name > [Unsupported Exchange Name] Public Data API > GET:/exchange/nonExistentExchangeName/tickers then return 404",
                        "timedOut": false,
                        "duration": 7,
                        "state": "passed",
                        "speed": "fast",
                        "pass": true,
                        "fail": false,
                        "pending": false,
                        "code": "this.timeout(TIMEOUT_MS)\nrequest(server)\n    .get('/exchange/nonExistentExchangeName/tickers')\n    .expect('Content-Type', /json/)\n    .expect(404)\n    .end((err, res) => {\n      should.not.exist(err);\n      done();\n    })",
                        "err": {},
                        "isRoot": false,
                        "uuid": "f4009714-52e0-4205-a65e-961554a2c221",
                        "isHook": false,
                        "skipped": false
                      },
                      {
                        "title": "> POST:/exchange/nonExistentExchangeName/_/loadMarkets then return 404",
                        "fullTitle": "> controllers > exchange > Given unsupported exchange name > [Unsupported Exchange Name] Public Data API > POST:/exchange/nonExistentExchangeName/_/loadMarkets then return 404",
                        "timedOut": false,
                        "duration": 9,
                        "state": "passed",
                        "speed": "fast",
                        "pass": true,
                        "fail": false,
                        "pending": false,
                        "code": "this.timeout(TIMEOUT_MS)\nrequest(server)\n    .post('/exchange/nonExistentExchangeName/_/loadMarkets')\n    .type('text')\n    .send(JSON.stringify([true]))\n    .set('Accept', 'application/json')\n    .expect(404)\n    .end((err, res) => {\n      should.not.exist(err);\n      done();\n    })",
                        "err": {},
                        "isRoot": false,
                        "uuid": "d8873e88-afb3-4127-8858-4607b319f2a9",
                        "isHook": false,
                        "skipped": false
                      }
                    ],
                    "suites": [],
                    "passes": [
                      "d7a27606-04db-481e-9cf7-37460a5fde94",
                      "24a79f11-c494-413d-b741-6ab5cc59c44a",
                      "e8aa2129-f3ec-4c8b-913f-8f71e4622919",
                      "3a0380ad-2f1a-4281-bdf4-51d0d2c0c93a",
                      "b690cfa6-d52f-4fca-b5fd-8881df2072ee",
                      "f4009714-52e0-4205-a65e-961554a2c221",
                      "d8873e88-afb3-4127-8858-4607b319f2a9"
                    ],
                    "failures": [],
                    "pending": [],
                    "skipped": [],
                    "duration": 56,
                    "root": false,
                    "rootEmpty": false,
                    "_timeout": 2000
                  },
                  {
                    "uuid": "44b3dcb6-1374-4634-b3e4-c57df3766a7a",
                    "title": "> [Unsupported Exchange Name] Private Data APIs",
                    "fullFile": "/home/travis/build/ccxt-rest/ccxt-rest/test/api/controllers/exchange.js",
                    "file": "/test/api/controllers/exchange.js",
                    "beforeHooks": [],
                    "afterHooks": [],
                    "tests": [
                      {
                        "title": "> GET:/exchange/nonExistentExchangeName/balances then return 404",
                        "fullTitle": "> controllers > exchange > Given unsupported exchange name > [Unsupported Exchange Name] Private Data APIs > GET:/exchange/nonExistentExchangeName/balances then return 404",
                        "timedOut": false,
                        "duration": 5,
                        "state": "passed",
                        "speed": "fast",
                        "pass": true,
                        "fail": false,
                        "pending": false,
                        "code": "this.timeout(TIMEOUT_MS)\nrequest(server)\n    .get('/exchange/nonExistentExchangeName/balances')\n    .expect('Content-Type', /json/)\n    .expect(404)\n    .end((err, res) => {\n      should.not.exist(err);\n      done();\n    })",
                        "err": {},
                        "isRoot": false,
                        "uuid": "4be4f0f4-7511-428c-8c2b-f6972985df9f",
                        "isHook": false,
                        "skipped": false
                      },
                      {
                        "title": "> [Unsupported Exchange Name] Place order then return 404",
                        "fullTitle": "> controllers > exchange > Given unsupported exchange name > [Unsupported Exchange Name] Private Data APIs > [Unsupported Exchange Name] Place order then return 404",
                        "timedOut": false,
                        "duration": 8,
                        "state": "passed",
                        "speed": "fast",
                        "pass": true,
                        "fail": false,
                        "pending": false,
                        "code": "request(server)\n  .post('/exchange/nonExistentExchangeName/order')\n  .send({ symbol: 'BTC/ETH', type: 'limit', side: 'buy', amount:0, price:0 })\n  .set('Accept', 'application/json')\n  .expect('Content-Type', /json/)\n  .expect(404)\n  .end((err, res) => {\n    should.not.exist(err);\n    done();\n  })",
                        "err": {},
                        "isRoot": false,
                        "uuid": "055e61e5-83b2-4e1c-bcbd-2e9ce58ba8b3",
                        "isHook": false,
                        "skipped": false
                      },
                      {
                        "title": "> [Unsupported Exchange Name] Cancel order then return 404",
                        "fullTitle": "> controllers > exchange > Given unsupported exchange name > [Unsupported Exchange Name] Private Data APIs > [Unsupported Exchange Name] Cancel order then return 404",
                        "timedOut": false,
                        "duration": 7,
                        "state": "passed",
                        "speed": "fast",
                        "pass": true,
                        "fail": false,
                        "pending": false,
                        "code": "request(server)\n  .delete('/exchange/nonExistentExchangeName/order/dummy')\n  .query({symbol : 'BTC/ETH'})\n  .expect('Content-Type', /json/)\n  .expect(404)\n  .end((err, res) => {\n    should.not.exist(err);\n    done();\n  })",
                        "err": {},
                        "isRoot": false,
                        "uuid": "a465cd5d-dacd-4bad-8630-846fb3125ff0",
                        "isHook": false,
                        "skipped": false
                      },
                      {
                        "title": "> [Unsupported Exchange Name] Get order then return 404",
                        "fullTitle": "> controllers > exchange > Given unsupported exchange name > [Unsupported Exchange Name] Private Data APIs > [Unsupported Exchange Name] Get order then return 404",
                        "timedOut": false,
                        "duration": 6,
                        "state": "passed",
                        "speed": "fast",
                        "pass": true,
                        "fail": false,
                        "pending": false,
                        "code": "this.timeout(TIMEOUT_MS)\nrequest(server)\n  .get('/exchange/nonExistentExchangeName/order/dummy')\n  .query({symbol : 'BTC/ETH'})\n  .expect('Content-Type', /json/)\n  .expect(404)\n  .end((err, res) => {\n    should.not.exist(err);\n    done();\n  })",
                        "err": {},
                        "isRoot": false,
                        "uuid": "bee29e23-3210-4325-b1b2-8accd8d34be0",
                        "isHook": false,
                        "skipped": false
                      },
                      {
                        "title": "> [Unsupported Exchange Name] Get orders then return 404",
                        "fullTitle": "> controllers > exchange > Given unsupported exchange name > [Unsupported Exchange Name] Private Data APIs > [Unsupported Exchange Name] Get orders then return 404",
                        "timedOut": false,
                        "duration": 13,
                        "state": "passed",
                        "speed": "fast",
                        "pass": true,
                        "fail": false,
                        "pending": false,
                        "code": "this.timeout(TIMEOUT_MS)\nrequest(server)\n  .get('/exchange/nonExistentExchangeName/orders')\n  .query({symbol : 'BTC/ETH'})\n  .expect('Content-Type', /json/)\n  .expect(404)\n  .end((err, res) => {\n    should.not.exist(err);\n    done();\n  })",
                        "err": {},
                        "isRoot": false,
                        "uuid": "154ca7b8-b803-40ca-8a05-ed074eca10d4",
                        "isHook": false,
                        "skipped": false
                      },
                      {
                        "title": "> [Unsupported Exchange Name] Get open orders then return 404",
                        "fullTitle": "> controllers > exchange > Given unsupported exchange name > [Unsupported Exchange Name] Private Data APIs > [Unsupported Exchange Name] Get open orders then return 404",
                        "timedOut": false,
                        "duration": 9,
                        "state": "passed",
                        "speed": "fast",
                        "pass": true,
                        "fail": false,
                        "pending": false,
                        "code": "this.timeout(TIMEOUT_MS)\nrequest(server)\n  .get('/exchange/nonExistentExchangeName/orders/open')\n  .query({symbol : 'BTC/ETH'})\n  .expect('Content-Type', /json/)\n  .expect(404)\n  .end((err, res) => {\n    should.not.exist(err);\n    done();\n  })",
                        "err": {},
                        "isRoot": false,
                        "uuid": "a7deff3e-1ce9-4b55-8a53-563f942626ac",
                        "isHook": false,
                        "skipped": false
                      },
                      {
                        "title": "> [Unsupported Exchange Name] Get closed orders then return 404",
                        "fullTitle": "> controllers > exchange > Given unsupported exchange name > [Unsupported Exchange Name] Private Data APIs > [Unsupported Exchange Name] Get closed orders then return 404",
                        "timedOut": false,
                        "duration": 14,
                        "state": "passed",
                        "speed": "fast",
                        "pass": true,
                        "fail": false,
                        "pending": false,
                        "code": "this.timeout(TIMEOUT_MS)\nrequest(server)\n  .get('/exchange/nonExistentExchangeName/orders/closed')\n  .query({symbol : 'BTC/ETH'})\n  .expect('Content-Type', /json/)\n  .expect(404)\n  .end((err, res) => {\n    should.not.exist(err);\n    done();\n  })",
                        "err": {},
                        "isRoot": false,
                        "uuid": "69acc371-c5f8-4325-bf7e-4d82bc35a314",
                        "isHook": false,
                        "skipped": false
                      },
                      {
                        "title": "> [Unsupported Exchange Name] Get my trades then return 404",
                        "fullTitle": "> controllers > exchange > Given unsupported exchange name > [Unsupported Exchange Name] Private Data APIs > [Unsupported Exchange Name] Get my trades then return 404",
                        "timedOut": false,
                        "duration": 9,
                        "state": "passed",
                        "speed": "fast",
                        "pass": true,
                        "fail": false,
                        "pending": false,
                        "code": "this.timeout(TIMEOUT_MS)\nrequest(server)\n  .get('/exchange/nonExistentExchangeName/trades/mine')\n  .query({symbol : 'BTC/ETH'})\n  .expect('Content-Type', /json/)\n  .expect(404)\n  .end((err, res) => {\n    should.not.exist(err);\n    done();\n  })",
                        "err": {},
                        "isRoot": false,
                        "uuid": "5f162130-7804-40b5-a40b-3c209affe004",
                        "isHook": false,
                        "skipped": false
                      }
                    ],
                    "suites": [],
                    "passes": [
                      "4be4f0f4-7511-428c-8c2b-f6972985df9f",
                      "055e61e5-83b2-4e1c-bcbd-2e9ce58ba8b3",
                      "a465cd5d-dacd-4bad-8630-846fb3125ff0",
                      "bee29e23-3210-4325-b1b2-8accd8d34be0",
                      "154ca7b8-b803-40ca-8a05-ed074eca10d4",
                      "a7deff3e-1ce9-4b55-8a53-563f942626ac",
                      "69acc371-c5f8-4325-bf7e-4d82bc35a314",
                      "5f162130-7804-40b5-a40b-3c209affe004"
                    ],
                    "failures": [],
                    "pending": [],
                    "skipped": [],
                    "duration": 71,
                    "root": false,
                    "rootEmpty": false,
                    "_timeout": 2000
                  }
                ],
                "passes": [],
                "failures": [],
                "pending": [],
                "skipped": [],
                "duration": 0,
                "root": false,
                "rootEmpty": false,
                "_timeout": 2000
              },
              {
                "uuid": "20c3479c-9d9f-4f71-8a67-d466b8fa19d1",
                "title": "> Given broken exchanges",
                "fullFile": "/home/travis/build/ccxt-rest/ccxt-rest/test/api/controllers/exchange.js",
                "file": "/test/api/controllers/exchange.js",
                "beforeHooks": [],
                "afterHooks": [],
                "tests": [
                  {
                    "title": "> [allcoin] When trying to instantiate, then 503",
                    "fullTitle": "> controllers > exchange > Given broken exchanges > [allcoin] When trying to instantiate, then 503",
                    "timedOut": false,
                    "duration": 12,
                    "state": "passed",
                    "speed": "fast",
                    "pass": true,
                    "fail": false,
                    "pending": false,
                    "code": "request(server)\n  .post('/exchange/' + exchangeName)\n  .send({id:exchangeName})\n  .set('Accept', 'application/json')\n  .expect(503, done);",
                    "err": {},
                    "isRoot": false,
                    "uuid": "fb4816e6-0ae2-4dbe-a358-f1331e3cb7c5",
                    "isHook": false,
                    "skipped": false
                  },
                  {
                    "title": "> [quadrigacx] When trying to instantiate, then 503",
                    "fullTitle": "> controllers > exchange > Given broken exchanges > [quadrigacx] When trying to instantiate, then 503",
                    "timedOut": false,
                    "duration": 8,
                    "state": "passed",
                    "speed": "fast",
                    "pass": true,
                    "fail": false,
                    "pending": false,
                    "code": "request(server)\n  .post('/exchange/' + exchangeName)\n  .send({id:exchangeName})\n  .set('Accept', 'application/json')\n  .expect(503, done);",
                    "err": {},
                    "isRoot": false,
                    "uuid": "d93fccbe-f5f2-435c-96cd-6b59ec3a44a5",
                    "isHook": false,
                    "skipped": false
                  }
                ],
                "suites": [],
                "passes": [
                  "fb4816e6-0ae2-4dbe-a358-f1331e3cb7c5",
                  "d93fccbe-f5f2-435c-96cd-6b59ec3a44a5"
                ],
                "failures": [],
                "pending": [],
                "skipped": [],
                "duration": 20,
                "root": false,
                "rootEmpty": false,
                "_timeout": 2000
              }
            ],
            "passes": [],
            "failures": [],
            "pending": [],
            "skipped": [],
            "duration": 0,
            "root": false,
            "rootEmpty": false,
            "_timeout": 2000
          }
        ],
        "passes": [],
        "failures": [],
        "pending": [],
        "skipped": [],
        "duration": 0,
        "root": false,
        "rootEmpty": false,
        "_timeout": 2000
      }
    ],
    "passes": [],
    "failures": [],
    "pending": [],
    "skipped": [],
    "duration": 0,
    "root": true,
    "rootEmpty": true,
    "_timeout": 2000
  },
  "copyrightYear": 2019
}